<?xml version="1.0" encoding="UTF-8"?>
<!-- Generated by org.testng.reporters.JUnitReportReporter -->
<testsuite hostname="Avnish" failures="0" tests="2" name="parallelTest.CrossBrowserScript" time="42.684" errors="0" timestamp="2021-07-17T00:53:52 IST" skipped="0">
  <testcase classname="parallelTest.CrossBrowserScript" name="testParameterWithXML" time="16.745"/>
  <system-out/>
  <testcase classname="parallelTest.CrossBrowserScript" name="testParameterWithXML" time="25.939"/>
  <system-out/>
</testsuite> <!-- parallelTest.CrossBrowserScript -->
