<?xml version="1.0" encoding="UTF-8"?>
<!-- Generated by org.testng.reporters.JUnitReportReporter -->
<testsuite hostname="Avnish" failures="0" tests="1" name="constructorChaining.Cde" time="0.042" errors="0" timestamp="2021-09-27T12:26:13 IST" skipped="0">
  <testcase classname="constructorChaining.Cde" name="Xyz" time="0.042"/>
  <system-out/>
</testsuite> <!-- constructorChaining.Cde -->
